{"timestamp":"2026-04-10T18:14:05.887603Z","level":"info","event":"DAG bundles loaded: dags-folder","logger":"airflow.dag_processing.bundles.manager.DagBundlesManager","filename":"manager.py","lineno":209}
{"timestamp":"2026-04-10T18:14:05.892479Z","level":"info","event":"Filling up the DagBag from /opt/airflow/dags/music_dag.py","logger":"airflow.dag_processing.dagbag.BundleDagBag","filename":"dagbag.py","lineno":469}
{"timestamp":"2026-04-10T18:14:06.374443Z","level":"warning","event":"The `airflow.operators.python.PythonOperator` attribute is deprecated. Please use `'airflow.providers.standard.operators.python.PythonOperator'`.","category":"UserWarning","filename":"/opt/airflow/dags/music_dag.py","lineno":19,"logger":"py.warnings"}
{"timestamp":"2026-04-10T18:14:06.409661Z","level":"info","event":"[load] Cargando merged data desde: /tmp/etl/manual__2026-04-10T18_13_54.461068_00_00/merged.csv","logger":"task.stdout"}
{"timestamp":"2026-04-10T18:14:06.753116Z","level":"info","event":"[load] Construyendo star schema...","logger":"task.stdout"}
{"timestamp":"2026-04-10T18:14:06.753997Z","level":"info","event":"","logger":"task.stdout"}
{"timestamp":"2026-04-10T18:14:06.754877Z","level":"info","event":"======================================================================","logger":"task.stdout"}
{"timestamp":"2026-04-10T18:14:06.755847Z","level":"info","event":"TASK d — DIMENSIONAL MODELING (Star Schema)","logger":"task.stdout"}
{"timestamp":"2026-04-10T18:14:06.756640Z","level":"info","event":"======================================================================","logger":"task.stdout"}
{"timestamp":"2026-04-10T18:14:07.495632Z","level":"info","event":"","logger":"task.stdout"}
{"timestamp":"2026-04-10T18:14:07.496502Z","level":"info","event":"Star schema tables:","logger":"task.stdout"}
{"timestamp":"2026-04-10T18:14:07.497020Z","level":"info","event":"  dim_artist       17,639 rows × 7 columns","logger":"task.stdout"}
{"timestamp":"2026-04-10T18:14:07.497428Z","level":"info","event":"  dim_album        57,657 rows × 3 columns","logger":"task.stdout"}
{"timestamp":"2026-04-10T18:14:07.497768Z","level":"info","event":"  dim_genre           114 rows × 2 columns","logger":"task.stdout"}
{"timestamp":"2026-04-10T18:14:07.497989Z","level":"info","event":"  dim_time             62 rows × 2 columns","logger":"task.stdout"}
{"timestamp":"2026-04-10T18:14:07.498510Z","level":"info","event":"  fact_track      113,549 rows × 20 columns","logger":"task.stdout"}
{"timestamp":"2026-04-10T18:14:07.498748Z","level":"info","event":"","logger":"task.stdout"}
{"timestamp":"2026-04-10T18:14:07.499212Z","level":"info","event":"Referential integrity checks:","logger":"task.stdout"}
{"timestamp":"2026-04-10T18:14:07.499585Z","level":"info","event":"  Fact rows with null artist_key                0 ✔","logger":"task.stdout"}
{"timestamp":"2026-04-10T18:14:07.499997Z","level":"info","event":"  Fact rows with null album_key                 0 ✔","logger":"task.stdout"}
{"timestamp":"2026-04-10T18:14:07.500362Z","level":"info","event":"  Fact rows with null genre_key                 0 ✔","logger":"task.stdout"}
{"timestamp":"2026-04-10T18:14:07.500830Z","level":"info","event":"[load] Cargando a MySQL...","logger":"task.stdout"}
{"timestamp":"2026-04-10T18:14:07.501250Z","level":"info","event":"","logger":"task.stdout"}
{"timestamp":"2026-04-10T18:14:07.501559Z","level":"info","event":"======================================================================","logger":"task.stdout"}
{"timestamp":"2026-04-10T18:14:07.501813Z","level":"info","event":"TASK e — LOAD (Data Warehouse)","logger":"task.stdout"}
{"timestamp":"2026-04-10T18:14:07.502099Z","level":"info","event":"======================================================================","logger":"task.stdout"}
{"timestamp":"2026-04-10T18:14:07.502347Z","level":"info","event":"","logger":"task.stdout"}
{"timestamp":"2026-04-10T18:14:07.502759Z","level":"info","event":"[1/2] Creating database and tables...","logger":"task.stdout"}
{"timestamp":"2026-04-10T18:14:07.883929Z","level":"info","event":"[2/2] Inserting data...","logger":"task.stdout"}
{"timestamp":"2026-04-10T18:14:09.406185Z","level":"info","event":"  dim_artist            17,635 rows inserted","logger":"task.stdout"}
{"timestamp":"2026-04-10T18:14:11.220371Z","level":"info","event":"  dim_album             57,657 rows inserted","logger":"task.stdout"}
{"timestamp":"2026-04-10T18:14:11.235225Z","level":"info","event":"  dim_genre                114 rows inserted","logger":"task.stdout"}
{"timestamp":"2026-04-10T18:14:11.247021Z","level":"info","event":"  dim_time                  62 rows inserted","logger":"task.stdout"}
{"timestamp":"2026-04-10T18:14:27.164124Z","level":"info","event":"  fact_track            89,725 rows inserted","logger":"task.stdout"}
{"timestamp":"2026-04-10T18:14:27.236146Z","level":"info","event":"","logger":"task.stdout"}
{"timestamp":"2026-04-10T18:14:27.236716Z","level":"info","event":"Data Warehouse load completed ✔","logger":"task.stdout"}
{"timestamp":"2026-04-10T18:14:27.238515Z","level":"info","event":"[load] dim_artist: 17,639 rows","logger":"task.stdout"}
{"timestamp":"2026-04-10T18:14:27.239238Z","level":"info","event":"[load] dim_album: 57,657 rows","logger":"task.stdout"}
{"timestamp":"2026-04-10T18:14:27.239814Z","level":"info","event":"[load] dim_genre: 114 rows","logger":"task.stdout"}
{"timestamp":"2026-04-10T18:14:27.240218Z","level":"info","event":"[load] dim_time: 62 rows","logger":"task.stdout"}
{"timestamp":"2026-04-10T18:14:27.240582Z","level":"info","event":"[load] fact_track: 113,549 rows","logger":"task.stdout"}
{"timestamp":"2026-04-10T18:14:27.296057Z","level":"info","event":"Done. Returned value was: None","logger":"airflow.task.operators.airflow.providers.standard.operators.python.PythonOperator","filename":"python.py","lineno":229}
