{"timestamp":"2026-04-10T18:08:45.612953Z","level":"info","event":"DAG bundles loaded: dags-folder","logger":"airflow.dag_processing.bundles.manager.DagBundlesManager","filename":"manager.py","lineno":209}
{"timestamp":"2026-04-10T18:08:45.614775Z","level":"info","event":"Filling up the DagBag from /opt/airflow/dags/music_dag.py","logger":"airflow.dag_processing.dagbag.BundleDagBag","filename":"dagbag.py","lineno":469}
{"timestamp":"2026-04-10T18:08:46.002038Z","level":"warning","event":"The `airflow.operators.python.PythonOperator` attribute is deprecated. Please use `'airflow.providers.standard.operators.python.PythonOperator'`.","category":"UserWarning","filename":"/opt/airflow/dags/music_dag.py","lineno":19,"logger":"py.warnings"}
{"timestamp":"2026-04-10T18:08:46.032032Z","level":"info","event":"[load] Cargando merged data desde: /tmp/etl/manual__2026-04-10T18_06_36.674320_00_00/merged.csv","logger":"task.stdout"}
{"timestamp":"2026-04-10T18:08:46.351782Z","level":"info","event":"[load] Construyendo star schema...","logger":"task.stdout"}
{"timestamp":"2026-04-10T18:08:46.352767Z","level":"info","event":"","logger":"task.stdout"}
{"timestamp":"2026-04-10T18:08:46.353906Z","level":"info","event":"======================================================================","logger":"task.stdout"}
{"timestamp":"2026-04-10T18:08:46.354617Z","level":"info","event":"TASK d — DIMENSIONAL MODELING (Star Schema)","logger":"task.stdout"}
{"timestamp":"2026-04-10T18:08:46.355180Z","level":"info","event":"======================================================================","logger":"task.stdout"}
{"timestamp":"2026-04-10T18:08:47.049778Z","level":"info","event":"","logger":"task.stdout"}
{"timestamp":"2026-04-10T18:08:47.050516Z","level":"info","event":"Star schema tables:","logger":"task.stdout"}
{"timestamp":"2026-04-10T18:08:47.050933Z","level":"info","event":"  dim_artist       17,639 rows × 7 columns","logger":"task.stdout"}
{"timestamp":"2026-04-10T18:08:47.051294Z","level":"info","event":"  dim_album        57,657 rows × 3 columns","logger":"task.stdout"}
{"timestamp":"2026-04-10T18:08:47.051725Z","level":"info","event":"  dim_genre           114 rows × 2 columns","logger":"task.stdout"}
{"timestamp":"2026-04-10T18:08:47.052085Z","level":"info","event":"  dim_time             62 rows × 2 columns","logger":"task.stdout"}
{"timestamp":"2026-04-10T18:08:47.052466Z","level":"info","event":"  fact_track      113,549 rows × 20 columns","logger":"task.stdout"}
{"timestamp":"2026-04-10T18:08:47.052885Z","level":"info","event":"","logger":"task.stdout"}
{"timestamp":"2026-04-10T18:08:47.053226Z","level":"info","event":"Referential integrity checks:","logger":"task.stdout"}
{"timestamp":"2026-04-10T18:08:47.053765Z","level":"info","event":"  Fact rows with null artist_key                0 ✔","logger":"task.stdout"}
{"timestamp":"2026-04-10T18:08:47.054176Z","level":"info","event":"  Fact rows with null album_key                 0 ✔","logger":"task.stdout"}
{"timestamp":"2026-04-10T18:08:47.054537Z","level":"info","event":"  Fact rows with null genre_key                 0 ✔","logger":"task.stdout"}
{"timestamp":"2026-04-10T18:08:47.054842Z","level":"info","event":"[load] Cargando a MySQL...","logger":"task.stdout"}
{"timestamp":"2026-04-10T18:08:47.055247Z","level":"info","event":"","logger":"task.stdout"}
{"timestamp":"2026-04-10T18:08:47.055533Z","level":"info","event":"======================================================================","logger":"task.stdout"}
{"timestamp":"2026-04-10T18:08:47.055938Z","level":"info","event":"TASK e — LOAD (Data Warehouse)","logger":"task.stdout"}
{"timestamp":"2026-04-10T18:08:47.056332Z","level":"info","event":"======================================================================","logger":"task.stdout"}
{"timestamp":"2026-04-10T18:08:47.056737Z","level":"info","event":"","logger":"task.stdout"}
{"timestamp":"2026-04-10T18:08:47.057030Z","level":"info","event":"[1/2] Creating database and tables...","logger":"task.stdout"}
{"timestamp":"2026-04-10T18:08:47.603899Z","level":"info","event":"[2/2] Inserting data...","logger":"task.stdout"}
{"timestamp":"2026-04-10T18:08:49.322542Z","level":"info","event":"  dim_artist            17,635 rows inserted","logger":"task.stdout"}
{"timestamp":"2026-04-10T18:08:51.607580Z","level":"info","event":"  dim_album             57,657 rows inserted","logger":"task.stdout"}
{"timestamp":"2026-04-10T18:08:51.650063Z","level":"info","event":"  dim_genre                114 rows inserted","logger":"task.stdout"}
{"timestamp":"2026-04-10T18:08:51.677110Z","level":"info","event":"  dim_time                  62 rows inserted","logger":"task.stdout"}
{"timestamp":"2026-04-10T18:09:07.938064Z","level":"info","event":"  fact_track            89,725 rows inserted","logger":"task.stdout"}
{"timestamp":"2026-04-10T18:09:08.003587Z","level":"info","event":"","logger":"task.stdout"}
{"timestamp":"2026-04-10T18:09:08.004315Z","level":"info","event":"Data Warehouse load completed ✔","logger":"task.stdout"}
{"timestamp":"2026-04-10T18:09:08.004907Z","level":"info","event":"[load] dim_artist: 17,639 rows","logger":"task.stdout"}
{"timestamp":"2026-04-10T18:09:08.005163Z","level":"info","event":"[load] dim_album: 57,657 rows","logger":"task.stdout"}
{"timestamp":"2026-04-10T18:09:08.005535Z","level":"info","event":"[load] dim_genre: 114 rows","logger":"task.stdout"}
{"timestamp":"2026-04-10T18:09:08.005961Z","level":"info","event":"[load] dim_time: 62 rows","logger":"task.stdout"}
{"timestamp":"2026-04-10T18:09:08.006376Z","level":"info","event":"[load] fact_track: 113,549 rows","logger":"task.stdout"}
{"timestamp":"2026-04-10T18:09:08.049323Z","level":"info","event":"Done. Returned value was: None","logger":"airflow.task.operators.airflow.providers.standard.operators.python.PythonOperator","filename":"python.py","lineno":229}
