{"timestamp":"2026-04-10T18:08:41.174331Z","level":"info","event":"DAG bundles loaded: dags-folder","logger":"airflow.dag_processing.bundles.manager.DagBundlesManager","filename":"manager.py","lineno":209}
{"timestamp":"2026-04-10T18:08:41.176540Z","level":"info","event":"Filling up the DagBag from /opt/airflow/dags/music_dag.py","logger":"airflow.dag_processing.dagbag.BundleDagBag","filename":"dagbag.py","lineno":469}
{"timestamp":"2026-04-10T18:08:41.594232Z","level":"warning","event":"The `airflow.operators.python.PythonOperator` attribute is deprecated. Please use `'airflow.providers.standard.operators.python.PythonOperator'`.","category":"UserWarning","filename":"/opt/airflow/dags/music_dag.py","lineno":19,"logger":"py.warnings"}
{"timestamp":"2026-04-10T18:08:41.633953Z","level":"info","event":"[transform] Leyendo desde: /tmp/etl/manual__2026-04-10T18_06_36.674320_00_00/spotify_raw.csv","logger":"task.stdout"}
{"timestamp":"2026-04-10T18:08:41.956647Z","level":"info","event":"[transform] Leyendo desde: /tmp/etl/manual__2026-04-10T18_06_36.674320_00_00/grammy_raw.csv","logger":"task.stdout"}
{"timestamp":"2026-04-10T18:08:41.968058Z","level":"info","event":"[transform] Limpiando Spotify...","logger":"task.stdout"}
{"timestamp":"2026-04-10T18:08:41.968894Z","level":"info","event":"","logger":"task.stdout"}
{"timestamp":"2026-04-10T18:08:41.969330Z","level":"info","event":"Cleaning Spotify data...","logger":"task.stdout"}
{"timestamp":"2026-04-10T18:08:42.025780Z","level":"info","event":"  Dropped 1 rows with null critical columns ['artists', 'album_name', 'track_name']","logger":"task.stdout"}
{"timestamp":"2026-04-10T18:08:42.054939Z","level":"info","event":"  Dropped 450 exact duplicate (track_id, track_genre) rows","logger":"task.stdout"}
{"timestamp":"2026-04-10T18:08:42.179844Z","level":"info","event":"  Spotify cleaned shape: (113549, 21)","logger":"task.stdout"}
{"timestamp":"2026-04-10T18:08:42.222261Z","level":"info","event":"[transform] Limpiando Grammys...","logger":"task.stdout"}
{"timestamp":"2026-04-10T18:08:42.223044Z","level":"info","event":"","logger":"task.stdout"}
{"timestamp":"2026-04-10T18:08:42.223621Z","level":"info","event":"Cleaning Grammys data...","logger":"task.stdout"}
{"timestamp":"2026-04-10T18:08:42.260846Z","level":"info","event":"  Null rates (%) for key columns:","logger":"task.stdout"}
{"timestamp":"2026-04-10T18:08:42.262002Z","level":"info","event":"    artist                38.25% ⚠️","logger":"task.stdout"}
{"timestamp":"2026-04-10T18:08:42.262872Z","level":"info","event":"    artist_norm            0.00%","logger":"task.stdout"}
{"timestamp":"2026-04-10T18:08:42.263848Z","level":"info","event":"    category               0.00%","logger":"task.stdout"}
{"timestamp":"2026-04-10T18:08:42.264260Z","level":"info","event":"    nominee                0.00%","logger":"task.stdout"}
{"timestamp":"2026-04-10T18:08:42.264883Z","level":"info","event":"    year                   0.00%","logger":"task.stdout"}
{"timestamp":"2026-04-10T18:08:42.265414Z","level":"info","event":"    winner                 0.00%","logger":"task.stdout"}
{"timestamp":"2026-04-10T18:08:42.265984Z","level":"info","event":"  Grammys cleaned shape: (4810, 9)","logger":"task.stdout"}
{"timestamp":"2026-04-10T18:08:43.173579Z","level":"info","event":"[transform] Spotify: /tmp/etl/manual__2026-04-10T18_06_36.674320_00_00/spotify_clean.csv (113,549 rows)","logger":"task.stdout"}
{"timestamp":"2026-04-10T18:08:43.174306Z","level":"info","event":"[transform] Grammys: /tmp/etl/manual__2026-04-10T18_06_36.674320_00_00/grammy_clean.csv (4,810 rows)","logger":"task.stdout"}
{"timestamp":"2026-04-10T18:08:43.185196Z","level":"info","event":"Done. Returned value was: None","logger":"airflow.task.operators.airflow.providers.standard.operators.python.PythonOperator","filename":"python.py","lineno":229}
