{"timestamp":"2026-04-10T18:10:14.017773Z","level":"info","event":"DAG bundles loaded: dags-folder","logger":"airflow.dag_processing.bundles.manager.DagBundlesManager","filename":"manager.py","lineno":209}
{"timestamp":"2026-04-10T18:10:14.022057Z","level":"info","event":"Filling up the DagBag from /opt/airflow/dags/music_dag.py","logger":"airflow.dag_processing.dagbag.BundleDagBag","filename":"dagbag.py","lineno":469}
{"timestamp":"2026-04-10T18:10:14.464781Z","level":"warning","event":"The `airflow.operators.python.PythonOperator` attribute is deprecated. Please use `'airflow.providers.standard.operators.python.PythonOperator'`.","category":"UserWarning","filename":"/opt/airflow/dags/music_dag.py","lineno":19,"logger":"py.warnings"}
{"timestamp":"2026-04-10T18:10:14.500382Z","level":"info","event":"[load] Cargando merged data desde: /tmp/etl/manual__2026-04-10T18_10_03.667830_00_00/merged.csv","logger":"task.stdout"}
{"timestamp":"2026-04-10T18:10:14.919101Z","level":"info","event":"[load] Construyendo star schema...","logger":"task.stdout"}
{"timestamp":"2026-04-10T18:10:14.919859Z","level":"info","event":"","logger":"task.stdout"}
{"timestamp":"2026-04-10T18:10:14.920435Z","level":"info","event":"======================================================================","logger":"task.stdout"}
{"timestamp":"2026-04-10T18:10:14.920905Z","level":"info","event":"TASK d — DIMENSIONAL MODELING (Star Schema)","logger":"task.stdout"}
{"timestamp":"2026-04-10T18:10:14.921394Z","level":"info","event":"======================================================================","logger":"task.stdout"}
{"timestamp":"2026-04-10T18:10:16.019972Z","level":"info","event":"","logger":"task.stdout"}
{"timestamp":"2026-04-10T18:10:16.020677Z","level":"info","event":"Star schema tables:","logger":"task.stdout"}
{"timestamp":"2026-04-10T18:10:16.021038Z","level":"info","event":"  dim_artist       17,639 rows × 7 columns","logger":"task.stdout"}
{"timestamp":"2026-04-10T18:10:16.021341Z","level":"info","event":"  dim_album        57,657 rows × 3 columns","logger":"task.stdout"}
{"timestamp":"2026-04-10T18:10:16.021703Z","level":"info","event":"  dim_genre           114 rows × 2 columns","logger":"task.stdout"}
{"timestamp":"2026-04-10T18:10:16.022107Z","level":"info","event":"  dim_time             62 rows × 2 columns","logger":"task.stdout"}
{"timestamp":"2026-04-10T18:10:16.022710Z","level":"info","event":"  fact_track      113,549 rows × 20 columns","logger":"task.stdout"}
{"timestamp":"2026-04-10T18:10:16.023092Z","level":"info","event":"","logger":"task.stdout"}
{"timestamp":"2026-04-10T18:10:16.023526Z","level":"info","event":"Referential integrity checks:","logger":"task.stdout"}
{"timestamp":"2026-04-10T18:10:16.023914Z","level":"info","event":"  Fact rows with null artist_key                0 ✔","logger":"task.stdout"}
{"timestamp":"2026-04-10T18:10:16.024250Z","level":"info","event":"  Fact rows with null album_key                 0 ✔","logger":"task.stdout"}
{"timestamp":"2026-04-10T18:10:16.024702Z","level":"info","event":"  Fact rows with null genre_key                 0 ✔","logger":"task.stdout"}
{"timestamp":"2026-04-10T18:10:16.025160Z","level":"info","event":"[load] Cargando a MySQL...","logger":"task.stdout"}
{"timestamp":"2026-04-10T18:10:16.025461Z","level":"info","event":"","logger":"task.stdout"}
{"timestamp":"2026-04-10T18:10:16.025749Z","level":"info","event":"======================================================================","logger":"task.stdout"}
{"timestamp":"2026-04-10T18:10:16.026078Z","level":"info","event":"TASK e — LOAD (Data Warehouse)","logger":"task.stdout"}
{"timestamp":"2026-04-10T18:10:16.026539Z","level":"info","event":"======================================================================","logger":"task.stdout"}
{"timestamp":"2026-04-10T18:10:16.026965Z","level":"info","event":"","logger":"task.stdout"}
{"timestamp":"2026-04-10T18:10:16.027297Z","level":"info","event":"[1/2] Creating database and tables...","logger":"task.stdout"}
{"timestamp":"2026-04-10T18:10:16.454634Z","level":"info","event":"[2/2] Inserting data...","logger":"task.stdout"}
{"timestamp":"2026-04-10T18:10:17.988921Z","level":"info","event":"  dim_artist            17,635 rows inserted","logger":"task.stdout"}
{"timestamp":"2026-04-10T18:10:19.828551Z","level":"info","event":"  dim_album             57,657 rows inserted","logger":"task.stdout"}
{"timestamp":"2026-04-10T18:10:19.847960Z","level":"info","event":"  dim_genre                114 rows inserted","logger":"task.stdout"}
{"timestamp":"2026-04-10T18:10:19.857962Z","level":"info","event":"  dim_time                  62 rows inserted","logger":"task.stdout"}
{"timestamp":"2026-04-10T18:10:35.045004Z","level":"info","event":"  fact_track            89,725 rows inserted","logger":"task.stdout"}
{"timestamp":"2026-04-10T18:10:35.117544Z","level":"info","event":"","logger":"task.stdout"}
{"timestamp":"2026-04-10T18:10:35.118168Z","level":"info","event":"Data Warehouse load completed ✔","logger":"task.stdout"}
{"timestamp":"2026-04-10T18:10:35.118557Z","level":"info","event":"[load] dim_artist: 17,639 rows","logger":"task.stdout"}
{"timestamp":"2026-04-10T18:10:35.119004Z","level":"info","event":"[load] dim_album: 57,657 rows","logger":"task.stdout"}
{"timestamp":"2026-04-10T18:10:35.119431Z","level":"info","event":"[load] dim_genre: 114 rows","logger":"task.stdout"}
{"timestamp":"2026-04-10T18:10:35.119747Z","level":"info","event":"[load] dim_time: 62 rows","logger":"task.stdout"}
{"timestamp":"2026-04-10T18:10:35.120027Z","level":"info","event":"[load] fact_track: 113,549 rows","logger":"task.stdout"}
{"timestamp":"2026-04-10T18:10:35.153279Z","level":"info","event":"Done. Returned value was: None","logger":"airflow.task.operators.airflow.providers.standard.operators.python.PythonOperator","filename":"python.py","lineno":229}
