{"timestamp":"2026-04-10T18:10:08.397938Z","level":"info","event":"DAG bundles loaded: dags-folder","logger":"airflow.dag_processing.bundles.manager.DagBundlesManager","filename":"manager.py","lineno":209}
{"timestamp":"2026-04-10T18:10:08.401856Z","level":"info","event":"Filling up the DagBag from /opt/airflow/dags/music_dag.py","logger":"airflow.dag_processing.dagbag.BundleDagBag","filename":"dagbag.py","lineno":469}
{"timestamp":"2026-04-10T18:10:09.074497Z","level":"warning","event":"The `airflow.operators.python.PythonOperator` attribute is deprecated. Please use `'airflow.providers.standard.operators.python.PythonOperator'`.","category":"UserWarning","filename":"/opt/airflow/dags/music_dag.py","lineno":19,"logger":"py.warnings"}
{"timestamp":"2026-04-10T18:10:09.124254Z","level":"info","event":"[transform] Leyendo desde: /tmp/etl/manual__2026-04-10T18_10_03.667830_00_00/spotify_raw.csv","logger":"task.stdout"}
{"timestamp":"2026-04-10T18:10:09.606120Z","level":"info","event":"[transform] Leyendo desde: /tmp/etl/manual__2026-04-10T18_10_03.667830_00_00/grammy_raw.csv","logger":"task.stdout"}
{"timestamp":"2026-04-10T18:10:09.617824Z","level":"info","event":"[transform] Limpiando Spotify...","logger":"task.stdout"}
{"timestamp":"2026-04-10T18:10:09.619132Z","level":"info","event":"","logger":"task.stdout"}
{"timestamp":"2026-04-10T18:10:09.620104Z","level":"info","event":"Cleaning Spotify data...","logger":"task.stdout"}
{"timestamp":"2026-04-10T18:10:09.685518Z","level":"info","event":"  Dropped 1 rows with null critical columns ['artists', 'album_name', 'track_name']","logger":"task.stdout"}
{"timestamp":"2026-04-10T18:10:09.728202Z","level":"info","event":"  Dropped 450 exact duplicate (track_id, track_genre) rows","logger":"task.stdout"}
{"timestamp":"2026-04-10T18:10:09.878211Z","level":"info","event":"  Spotify cleaned shape: (113549, 21)","logger":"task.stdout"}
{"timestamp":"2026-04-10T18:10:09.934877Z","level":"info","event":"[transform] Limpiando Grammys...","logger":"task.stdout"}
{"timestamp":"2026-04-10T18:10:09.935760Z","level":"info","event":"","logger":"task.stdout"}
{"timestamp":"2026-04-10T18:10:09.936284Z","level":"info","event":"Cleaning Grammys data...","logger":"task.stdout"}
{"timestamp":"2026-04-10T18:10:09.971589Z","level":"info","event":"  Null rates (%) for key columns:","logger":"task.stdout"}
{"timestamp":"2026-04-10T18:10:09.972178Z","level":"info","event":"    artist                38.25% ⚠️","logger":"task.stdout"}
{"timestamp":"2026-04-10T18:10:09.972581Z","level":"info","event":"    artist_norm            0.00%","logger":"task.stdout"}
{"timestamp":"2026-04-10T18:10:09.973145Z","level":"info","event":"    category               0.00%","logger":"task.stdout"}
{"timestamp":"2026-04-10T18:10:09.973667Z","level":"info","event":"    nominee                0.00%","logger":"task.stdout"}
{"timestamp":"2026-04-10T18:10:09.974164Z","level":"info","event":"    year                   0.00%","logger":"task.stdout"}
{"timestamp":"2026-04-10T18:10:09.974605Z","level":"info","event":"    winner                 0.00%","logger":"task.stdout"}
{"timestamp":"2026-04-10T18:10:09.975012Z","level":"info","event":"  Grammys cleaned shape: (4810, 9)","logger":"task.stdout"}
{"timestamp":"2026-04-10T18:10:10.989764Z","level":"info","event":"[transform] Spotify: /tmp/etl/manual__2026-04-10T18_10_03.667830_00_00/spotify_clean.csv (113,549 rows)","logger":"task.stdout"}
{"timestamp":"2026-04-10T18:10:10.990516Z","level":"info","event":"[transform] Grammys: /tmp/etl/manual__2026-04-10T18_10_03.667830_00_00/grammy_clean.csv (4,810 rows)","logger":"task.stdout"}
{"timestamp":"2026-04-10T18:10:11.004113Z","level":"info","event":"Done. Returned value was: None","logger":"airflow.task.operators.airflow.providers.standard.operators.python.PythonOperator","filename":"python.py","lineno":229}
