{"timestamp":"2026-04-10T18:14:00.693033Z","level":"info","event":"DAG bundles loaded: dags-folder","logger":"airflow.dag_processing.bundles.manager.DagBundlesManager","filename":"manager.py","lineno":209}
{"timestamp":"2026-04-10T18:14:00.695371Z","level":"info","event":"Filling up the DagBag from /opt/airflow/dags/music_dag.py","logger":"airflow.dag_processing.dagbag.BundleDagBag","filename":"dagbag.py","lineno":469}
{"timestamp":"2026-04-10T18:14:01.129089Z","level":"warning","event":"The `airflow.operators.python.PythonOperator` attribute is deprecated. Please use `'airflow.providers.standard.operators.python.PythonOperator'`.","category":"UserWarning","filename":"/opt/airflow/dags/music_dag.py","lineno":19,"logger":"py.warnings"}
{"timestamp":"2026-04-10T18:14:01.176823Z","level":"info","event":"[transform] Leyendo desde: /tmp/etl/manual__2026-04-10T18_13_54.461068_00_00/spotify_raw.csv","logger":"task.stdout"}
{"timestamp":"2026-04-10T18:14:01.478553Z","level":"info","event":"[transform] Leyendo desde: /tmp/etl/manual__2026-04-10T18_13_54.461068_00_00/grammy_raw.csv","logger":"task.stdout"}
{"timestamp":"2026-04-10T18:14:01.490396Z","level":"info","event":"[transform] Limpiando Spotify...","logger":"task.stdout"}
{"timestamp":"2026-04-10T18:14:01.491242Z","level":"info","event":"","logger":"task.stdout"}
{"timestamp":"2026-04-10T18:14:01.491784Z","level":"info","event":"Cleaning Spotify data...","logger":"task.stdout"}
{"timestamp":"2026-04-10T18:14:01.546433Z","level":"info","event":"  Dropped 1 rows with null critical columns ['artists', 'album_name', 'track_name']","logger":"task.stdout"}
{"timestamp":"2026-04-10T18:14:01.577590Z","level":"info","event":"  Dropped 450 exact duplicate (track_id, track_genre) rows","logger":"task.stdout"}
{"timestamp":"2026-04-10T18:14:01.735097Z","level":"info","event":"  Spotify cleaned shape: (113549, 21)","logger":"task.stdout"}
{"timestamp":"2026-04-10T18:14:01.826788Z","level":"info","event":"[transform] Limpiando Grammys...","logger":"task.stdout"}
{"timestamp":"2026-04-10T18:14:01.828318Z","level":"info","event":"","logger":"task.stdout"}
{"timestamp":"2026-04-10T18:14:01.829332Z","level":"info","event":"Cleaning Grammys data...","logger":"task.stdout"}
{"timestamp":"2026-04-10T18:14:01.850825Z","level":"info","event":"  Null rates (%) for key columns:","logger":"task.stdout"}
{"timestamp":"2026-04-10T18:14:01.851503Z","level":"info","event":"    artist                38.25% ⚠️","logger":"task.stdout"}
{"timestamp":"2026-04-10T18:14:01.851899Z","level":"info","event":"    artist_norm            0.00%","logger":"task.stdout"}
{"timestamp":"2026-04-10T18:14:01.852317Z","level":"info","event":"    category               0.00%","logger":"task.stdout"}
{"timestamp":"2026-04-10T18:14:01.852770Z","level":"info","event":"    nominee                0.00%","logger":"task.stdout"}
{"timestamp":"2026-04-10T18:14:01.853225Z","level":"info","event":"    year                   0.00%","logger":"task.stdout"}
{"timestamp":"2026-04-10T18:14:01.853845Z","level":"info","event":"    winner                 0.00%","logger":"task.stdout"}
{"timestamp":"2026-04-10T18:14:01.854262Z","level":"info","event":"  Grammys cleaned shape: (4810, 9)","logger":"task.stdout"}
{"timestamp":"2026-04-10T18:14:02.831318Z","level":"info","event":"[transform] Spotify: /tmp/etl/manual__2026-04-10T18_13_54.461068_00_00/spotify_clean.csv (113,549 rows)","logger":"task.stdout"}
{"timestamp":"2026-04-10T18:14:02.831930Z","level":"info","event":"[transform] Grammys: /tmp/etl/manual__2026-04-10T18_13_54.461068_00_00/grammy_clean.csv (4,810 rows)","logger":"task.stdout"}
{"timestamp":"2026-04-10T18:14:02.846927Z","level":"info","event":"Done. Returned value was: None","logger":"airflow.task.operators.airflow.providers.standard.operators.python.PythonOperator","filename":"python.py","lineno":229}
